Arguments: 
  /usr/bin/node /usr/bin/yarn build

PATH: 
  /usr/local/sbin:/usr/local/bin:/usr/sbin:/usr/bin:/sbin:/bin:/usr/games:/usr/local/games:/mnt/c/Program Files/Docker/Docker/resources/bin:/mnt/c/Windows/System32:/mnt/c/Windows:/mnt/c/Windows/System32/wbem:/mnt/c/Windows/System32/WindowsPowerShell/v1.0:/mnt/c/Program Files/nodejs:/mnt/c/Program Files/Git/cmd:/mnt/c/Program Files/Git/mingw64/bin:/mnt/c/Program Files/Git/usr/bin:/mnt/c/Program Files (x86)/Microsoft Emulator Manager/1.0:/mnt/c/Users/alexo/AppData/Local/Microsoft/WindowsApps:/mnt/d/GoogleDrive/bin-win:/mnt/c/Users/alexo/AppData/Local/wsltty:/mnt/c/Users/alexo/AppData/Roaming/npm:/mnt/c/Program Files/Microsoft VS Code Insiders/bin:/mnt/c/Program Files/MongoDB/Server/3.4/bin:/snap/bin:/root/gocode/bin:/root/.local/bin:/bin/wsl:/mnt/c/Windows/System32:/mnt/c/Program Files/Docker/Docker/resources/bin:/mnt/c/Program Files/nodejs:/mnt/d/GoogleDrive/win-bin:/root/dein.vim/repos/github.com/junegunn/fzf/bin

Yarn version: 
  1.3.2

Node version: 
  8.7.0

Platform: 
  linux x64

npm manifest: 
  {
    "name": "docker-node-mongo-s3-backup",
    "version": "1.0.0",
    "main": "index.js",
    "license": "MIT",
    "scripts": {
      "build": "tsc && docker build -t whitecolor/node-mongo-s3-backup:1.0.0 .",
    },
    "dependencies": {
      "@types/node": "^8.0.57",
      "typescript": "^2.6.2"
    }
  }

yarn manifest: 
  No manifest

Lockfile: 
  # THIS IS AN AUTOGENERATED FILE. DO NOT EDIT THIS FILE DIRECTLY.
  # yarn lockfile v1
  
  
  "@types/node@^8.0.57":
    version "8.0.57"
    resolved "https://registry.yarnpkg.com/@types/node/-/node-8.0.57.tgz#e5d8b4dc112763e35cfc51988f4f38da3c486d99"
  
  typescript@^2.6.2:
    version "2.6.2"
    resolved "https://registry.yarnpkg.com/typescript/-/typescript-2.6.2.tgz#3c5b6fd7f6de0914269027f03c0946758f7673a4"

Trace: 
  SyntaxError: /mnt/d/Code/docker-node-mongo-s3-backup/package.json: Unexpected token } in JSON at position 203
      at JSON.parse (<anonymous>)
      at /mnt/d/Code/yarn/lib/util/fs.js:552:57
      at Generator.next (<anonymous>)
      at step (/mnt/d/Code/yarn/node_modules/babel-runtime/helpers/asyncToGenerator.js:17:30)
      at /mnt/d/Code/yarn/node_modules/babel-runtime/helpers/asyncToGenerator.js:28:13
      at <anonymous>
